<?xml version="1.0" encoding="UTF-8"?>
<testng-results skipped="0" failed="0" ignored="0" total="6" passed="6">
  <reporter-output>
  </reporter-output>
  <suite name="Command line suite" duration-ms="50" started-at="2019-07-24T14:44:17Z" finished-at="2019-07-24T14:44:17Z">
    <groups>
    </groups>
    <test name="Command line test" duration-ms="50" started-at="2019-07-24T14:44:17Z" finished-at="2019-07-24T14:44:17Z">
      <class name="MySoftwareCompany.SeleniumTest">
        <test-method status="PASS" signature="elementUI()[pri:0, instance:MySoftwareCompany.SeleniumTest@21bcffb5]" name="elementUI" duration-ms="0" started-at="2019-07-24T20:14:17Z" finished-at="2019-07-24T20:14:17Z">
          <reporter-output>
          </reporter-output>
        </test-method> <!-- elementUI -->
        <test-method status="PASS" signature="BrowserAutomation()[pri:0, instance:MySoftwareCompany.SeleniumTest@21bcffb5]" name="BrowserAutomation" duration-ms="0" started-at="2019-07-24T20:14:17Z" finished-at="2019-07-24T20:14:17Z">
          <reporter-output>
          </reporter-output>
        </test-method> <!-- BrowserAutomation -->
      </class> <!-- MySoftwareCompany.SeleniumTest -->
      <class name="MySoftwareCompany.AppiumTest">
        <test-method status="PASS" signature="IOSApps()[pri:0, instance:MySoftwareCompany.AppiumTest@3498ed]" name="IOSApps" duration-ms="10" started-at="2019-07-24T20:14:17Z" finished-at="2019-07-24T20:14:17Z">
          <reporter-output>
          </reporter-output>
        </test-method> <!-- IOSApps -->
        <test-method status="PASS" signature="NativeAppAndroid()[pri:0, instance:MySoftwareCompany.AppiumTest@3498ed]" name="NativeAppAndroid" duration-ms="0" started-at="2019-07-24T20:14:17Z" finished-at="2019-07-24T20:14:17Z">
          <reporter-output>
          </reporter-output>
        </test-method> <!-- NativeAppAndroid -->
      </class> <!-- MySoftwareCompany.AppiumTest -->
      <class name="MySoftwareCompany.RESTAPITest">
        <test-method status="PASS" signature="deleteTwitter()[pri:0, instance:MySoftwareCompany.RESTAPITest@5ebec15]" name="deleteTwitter" duration-ms="0" started-at="2019-07-24T20:14:17Z" finished-at="2019-07-24T20:14:17Z">
          <reporter-output>
          </reporter-output>
        </test-method> <!-- deleteTwitter -->
        <test-method status="PASS" signature="postJira()[pri:0, instance:MySoftwareCompany.RESTAPITest@5ebec15]" name="postJira" duration-ms="0" started-at="2019-07-24T20:14:17Z" finished-at="2019-07-24T20:14:17Z">
          <reporter-output>
          </reporter-output>
        </test-method> <!-- postJira -->
      </class> <!-- MySoftwareCompany.RESTAPITest -->
    </test> <!-- Command line test -->
  </suite> <!-- Command line suite -->
</testng-results>
