<?xml version="1.0" encoding="UTF-8"?>
<!-- Generated by org.testng.reporters.JUnitXMLReporter -->
<testsuite hostname="BHASKAR" ignored="0" name="TestNGMavenIntegration" tests="7" failures="0" timestamp="24 Jul 2019 13:52:16 GMT" time="0.04" errors="0">
  <testcase name="IOSApps" time="0.01" classname="MySoftwareCompany.AppiumTest"/>
  <testcase name="NativeAppAndroid" time="0.0" classname="MySoftwareCompany.AppiumTest"/>
  <testcase name="deleteTwitter" time="0.0" classname="MySoftwareCompany.RESTAPITest"/>
  <testcase name="postJira" time="0.0" classname="MySoftwareCompany.RESTAPITest"/>
  <testcase name="notRun" time="0.0" classname="MySoftwareCompany.ABC"/>
  <testcase name="BrowserAutomation" time="0.0" classname="MySoftwareCompany.SeleniumTest"/>
  <testcase name="elementUI" time="0.0" classname="MySoftwareCompany.SeleniumTest"/>
</testsuite> <!-- TestNGMavenIntegration -->
