<?xml version="1.0" encoding="UTF-8"?>
<testng-results skipped="0" failed="0" ignored="0" total="2" passed="2">
  <reporter-output>
  </reporter-output>
  <suite name="Default suite" duration-ms="60" started-at="2019-08-02T09:45:47Z" finished-at="2019-08-02T09:45:47Z">
    <groups>
    </groups>
    <test name="Default test" duration-ms="60" started-at="2019-08-02T09:45:47Z" finished-at="2019-08-02T09:45:47Z">
      <class name="MySoftwareCompany.RESTAPITest">
        <test-method status="PASS" signature="deleteTwitter()[pri:0, instance:MySoftwareCompany.RESTAPITest@523884b2]" name="deleteTwitter" duration-ms="20" started-at="2019-08-02T15:15:47Z" finished-at="2019-08-02T15:15:47Z">
          <reporter-output>
          </reporter-output>
        </test-method> <!-- deleteTwitter -->
        <test-method status="PASS" signature="postJira()[pri:0, instance:MySoftwareCompany.RESTAPITest@523884b2]" name="postJira" duration-ms="10" started-at="2019-08-02T15:15:47Z" finished-at="2019-08-02T15:15:47Z">
          <reporter-output>
          </reporter-output>
        </test-method> <!-- postJira -->
      </class> <!-- MySoftwareCompany.RESTAPITest -->
    </test> <!-- Default test -->
  </suite> <!-- Default suite -->
</testng-results>
